02:00:23,259 TRACE BasicExtractor:60 - extracted value ([hasimss9_6_3_] : [BOOLEAN]) - [false]
02:00:23,260 TRACE BasicExtractor:60 - extracted value ([monthly10_6_3_] : [DOUBLE]) - [0.0]
02:00:23,261 TRACE BasicExtractor:60 - extracted value ([payment11_6_3_] : [VARCHAR]) - [Informal]
02:00:23,262 TRACE BasicExtractor:60 - extracted value ([seniori12_6_3_] : [DOUBLE]) - [0.0]
02:00:23,262 TRACE BasicExtractor:60 - extracted value ([startin13_6_3_] : [DATE]) - [2016-12-01]
02:00:23,263 TRACE BasicExtractor:50 - extracted value ([startin14_6_3_] : [DATE]) - [null]
02:00:23,264 TRACE BasicExtractor:60 - extracted value ([wagepro15_6_3_] : [DOUBLE]) - [0.0]
02:00:23,265 TRACE BasicExtractor:60 - extracted value ([weeklyw16_6_3_] : [INTEGER]) - [0]
02:00:23,267 TRACE BasicExtractor:60 - extracted value ([collabor2_2_4_] : [INTEGER]) - [1]
02:00:23,268 TRACE BasicExtractor:60 - extracted value ([detailed6_2_4_] : [INTEGER]) - [1]
02:00:23,268 TRACE BasicExtractor:60 - extracted value ([firstnam3_2_4_] : [VARCHAR]) - [América Aileen]
02:00:23,269 TRACE BasicExtractor:60 - extracted value ([isactive4_2_4_] : [BOOLEAN]) - [true]
02:00:23,269 TRACE BasicExtractor:60 - extracted value ([jobposit7_2_4_] : [INTEGER]) - [10]
02:00:23,270 TRACE BasicExtractor:60 - extracted value ([lastname5_2_4_] : [VARCHAR]) - [García Aguilar]
02:00:23,270 TRACE BasicExtractor:60 - extracted value ([user_id8_2_4_] : [INTEGER]) - [1]
02:00:23,271 TRACE BasicExtractor:60 - extracted value ([workingc9_2_4_] : [INTEGER]) - [1]
02:00:23,274 TRACE BasicBinder:64 - binding parameter [1] as [INTEGER] - [1]
02:00:23,422 TRACE BasicExtractor:60 - extracted value ([id1_3_0_] : [INTEGER]) - [1]
02:00:23,423 TRACE BasicExtractor:60 - extracted value ([id1_4_1_] : [INTEGER]) - [10]
02:00:23,423 TRACE BasicExtractor:60 - extracted value ([id1_5_2_] : [INTEGER]) - [1]
02:00:23,424 TRACE BasicExtractor:60 - extracted value ([id1_6_3_] : [INTEGER]) - [1]
02:00:23,424 TRACE BasicExtractor:60 - extracted value ([id1_2_4_] : [INTEGER]) - [1]
02:00:23,425 TRACE CollectionType:847 - Created collection wrapper: [com.JGG.HVPManagement.entity.JobPosition.collaborators#10]
02:00:23,427 TRACE BasicBinder:64 - binding parameter [1] as [INTEGER] - [1]
02:00:23,575 TRACE BasicExtractor:60 - extracted value ([id1_3_0_] : [INTEGER]) - [1]
02:00:23,576 TRACE BasicExtractor:60 - extracted value ([id1_4_1_] : [INTEGER]) - [10]
02:00:23,576 TRACE BasicExtractor:60 - extracted value ([id1_5_2_] : [INTEGER]) - [1]
02:00:23,576 TRACE BasicExtractor:60 - extracted value ([id1_6_3_] : [INTEGER]) - [1]
02:00:23,577 TRACE BasicExtractor:60 - extracted value ([id1_2_4_] : [INTEGER]) - [1]
02:00:23,577 TRACE CollectionType:847 - Created collection wrapper: [com.JGG.HVPManagement.entity.Collaborator.workSchedules#1]
02:00:26,812 TRACE BasicExtractor:60 - extracted value ([col_0_0_] : [VARCHAR]) - [AGA]
02:00:26,813 TRACE BasicExtractor:60 - extracted value ([col_0_0_] : [VARCHAR]) - [RGL]
02:00:26,813 TRACE BasicExtractor:60 - extracted value ([col_0_0_] : [VARCHAR]) - [ADG]
02:00:26,813 TRACE BasicExtractor:60 - extracted value ([col_0_0_] : [VARCHAR]) - [CME]
02:00:26,814 TRACE BasicExtractor:60 - extracted value ([col_0_0_] : [VARCHAR]) - [AGR]
02:00:26,814 TRACE BasicExtractor:60 - extracted value ([col_0_0_] : [VARCHAR]) - [ALG]
02:00:26,815 TRACE BasicExtractor:60 - extracted value ([col_0_0_] : [VARCHAR]) - [JGL]
02:00:27,280 TRACE BasicBinder:64 - binding parameter [1] as [TIME] - [2020-08-17]
